<?xml version="1.0" encoding="UTF-8" standalone="no"?>
<testsuite failures="0" name="cucumber.runtime.formatter.JUnitFormatter" skipped="0" tests="2" time="35.452163">
<testcase classname="Retail Demo Application - I want to serach a product in the Product details screen and Add to Cart" name="Verify_the_customer_add_a_products_in_the_wishlist" time="23.115687">
<system-out><![CDATA[Given I add "4" different product to my wish list...........................passed
When I view my wishlist table...............................................passed
Then I find total "4" selected items in my Wishlist.........................passed
]]></system-out>
</testcase>
<testcase classname="Retail Demo Application - I want to serach a product in the Product details screen and Add to Cart" name="Verify_the_lowest_price_item_in_my_cart" time="12.336476">
<system-out><![CDATA[Given I search for "lowest" price product...................................passed
When I am able to add the "lowest" price item to my cart....................passed
Then I am able to verify the item in my cart................................passed
]]></system-out>
</testcase>
</testsuite>
