<?xml version="1.0" encoding="UTF-8"?>
<testsuite xmlns:xsi="http://www.w3.org/2001/XMLSchema-instance" xsi:noNamespaceSchemaLocation="https://maven.apache.org/surefire/maven-surefire-plugin/xsd/surefire-test-report.xsd" name="com.test.cucumber.runner.TestRunner" time="35.952" tests="8" errors="0" skipped="0" failures="0">
  <properties>
[...]
</properties>
  <testcase name="Given I add &quot;4&quot; different product to my wish list" classname="| 001 | 4 |" time="0.004"/>
  <testcase name="When I view my wishlist table" classname="| 001 | 4 |" time="0"/>
  <testcase name="Then I find total &quot;4&quot; selected items in my Wishlist" classname="| 001 | 4 |" time="0"/>
  <testcase name="| 001 | 4 |" classname="| 001 | 4 |" time="0.886"/>
  <testcase name="Given I search for &quot;lowest&quot; price product" classname="| 001 | lowest |" time="0"/>
  <testcase name="When I am able to add the &quot;lowest&quot; price item to my cart" classname="| 001 | lowest |" time="0"/>
  <testcase name="Then I am able to verify the item in my cart" classname="| 001 | lowest |" time="0"/>
  <testcase name="| 001 | lowest |" classname="| 001 | lowest |" time="0.709"/>
</testsuite>